0 info it worked if it ends with ok
1 verbose cli [ 'node', '/usr/local/bin/npm', 'install', 'socket-io', '--save' ]
2 info using npm@1.4.28
3 info using node@v0.10.34
4 warn package.json liantong@1.0.0 No repository field.
5 warn package.json liantong@1.0.0 No README data
6 warn package.json http@0.0.0 http is also the name of a node core module.
7 warn package.json http@0.0.0 No description
8 warn package.json http@0.0.0 No repository field.
9 warn package.json querystring@0.2.0 querystring is also the name of a node core module.
10 verbose readDependencies using package.json deps
11 verbose cache add [ 'socket-io', null ]
12 verbose cache add name=undefined spec="socket-io" args=["socket-io",null]
13 verbose parsed url { protocol: null,
13 verbose parsed url   slashes: null,
13 verbose parsed url   auth: null,
13 verbose parsed url   host: null,
13 verbose parsed url   port: null,
13 verbose parsed url   hostname: null,
13 verbose parsed url   hash: null,
13 verbose parsed url   search: null,
13 verbose parsed url   query: null,
13 verbose parsed url   pathname: 'socket-io',
13 verbose parsed url   path: 'socket-io',
13 verbose parsed url   href: 'socket-io' }
14 silly lockFile 2c2f14e9-socket-io socket-io
15 verbose lock socket-io /Users/mac/.npm/2c2f14e9-socket-io.lock
16 silly lockFile 2c2f14e9-socket-io socket-io
17 silly lockFile 2c2f14e9-socket-io socket-io
18 verbose addNamed [ 'socket-io', '' ]
19 verbose addNamed [ null, '*' ]
20 silly lockFile d2f5c91d-socket-io socket-io@
21 verbose lock socket-io@ /Users/mac/.npm/d2f5c91d-socket-io.lock
22 silly addNameRange { name: 'socket-io', range: '*', hasData: false }
23 verbose request where is /socket-io
24 verbose request registry https://registry.npmjs.org/
25 verbose request id 12330d82909db8f4
26 verbose url raw /socket-io
27 verbose url resolving [ 'https://registry.npmjs.org/', './socket-io' ]
28 verbose url resolved https://registry.npmjs.org/socket-io
29 verbose request where is https://registry.npmjs.org/socket-io
30 info trying registry request attempt 1 at 16:33:25
31 http GET https://registry.npmjs.org/socket-io
32 http 404 https://registry.npmjs.org/socket-io
33 verbose headers { server: 'CouchDB/1.5.0 (Erlang OTP/R16B03)',
33 verbose headers   'content-type': 'application/json',
33 verbose headers   'cache-control': 'max-age=0',
33 verbose headers   'content-length': '51',
33 verbose headers   'accept-ranges': 'bytes',
33 verbose headers   date: 'Fri, 24 Jul 2015 08:33:26 GMT',
33 verbose headers   via: '1.1 varnish',
33 verbose headers   age: '0',
33 verbose headers   connection: 'keep-alive',
33 verbose headers   'x-served-by': 'cache-nrt6130-NRT',
33 verbose headers   'x-cache': 'MISS',
33 verbose headers   'x-cache-hits': '0',
33 verbose headers   'x-timer': 'S1437726805.753343,VS0,VE451' }
34 silly registry.get cb [ 404,
34 silly registry.get   { server: 'CouchDB/1.5.0 (Erlang OTP/R16B03)',
34 silly registry.get     'content-type': 'application/json',
34 silly registry.get     'cache-control': 'max-age=0',
34 silly registry.get     'content-length': '51',
34 silly registry.get     'accept-ranges': 'bytes',
34 silly registry.get     date: 'Fri, 24 Jul 2015 08:33:26 GMT',
34 silly registry.get     via: '1.1 varnish',
34 silly registry.get     age: '0',
34 silly registry.get     connection: 'keep-alive',
34 silly registry.get     'x-served-by': 'cache-nrt6130-NRT',
34 silly registry.get     'x-cache': 'MISS',
34 silly registry.get     'x-cache-hits': '0',
34 silly registry.get     'x-timer': 'S1437726805.753343,VS0,VE451' } ]
35 silly lockFile d2f5c91d-socket-io socket-io@
36 silly lockFile d2f5c91d-socket-io socket-io@
37 error 404 404 Not Found: socket-io
37 error 404
37 error 404 'socket-io' is not in the npm registry.
37 error 404 You should bug the author to publish it
37 error 404 It was specified as a dependency of 'liantong'
37 error 404
37 error 404 Note that you can also install from a
37 error 404 tarball, folder, or http url, or git url.
38 error System Darwin 13.4.0
39 error command "node" "/usr/local/bin/npm" "install" "socket-io" "--save"
40 error cwd /Users/mac/skidxjq/1/server
41 error node -v v0.10.34
42 error npm -v 1.4.28
43 error code E404
44 verbose exit [ 1, true ]
